# JRE version: Java(TM) SE Runtime Environment 18.9 (11.0.15+8) (build 11.0.15+8-LTS-149)
# Java VM: Java HotSpot(TM) 64-Bit Server VM 18.9 (11.0.15+8-LTS-149, mixed mode, tiered, compressed oops, g1 gc, windows-amd64)
Heap:
 garbage-first heap   total 275456K, used 179522K [0x0000000721e00000, 0x0000000800000000)
  region size 1024K, 113 young (115712K), 11 survivors (11264K)
 Metaspace       used 66980K, capacity 67807K, committed 68048K, reserved 1110016K
  class space    used 7402K, capacity 7732K, committed 7808K, reserved 1048576K
GC Heap History (10 events):
Event: 6.263 GC heap before
{Heap before GC invocations=5 (full 0):
 garbage-first heap   total 229376K, used 52224K [0x0000000721e00000, 0x0000000800000000)
  region size 1024K, 20 young (20480K), 1 survivors (1024K)
 Metaspace       used 35417K, capacity 35793K, committed 35920K, reserved 1081344K
  class space    used 4152K, capacity 4318K, committed 4352K, reserved 1048576K
}
Event: 6.267 GC heap after
{Heap after GC invocations=6 (full 0):
 garbage-first heap   total 229376K, used 33285K [0x0000000721e00000, 0x0000000800000000)
  region size 1024K, 3 young (3072K), 3 survivors (3072K)
 Metaspace       used 35417K, capacity 35793K, committed 35920K, reserved 1081344K
  class space    used 4152K, capacity 4318K, committed 4352K, reserved 1048576K
}
Event: 10.528 GC heap before
{Heap before GC invocations=7 (full 0):
 garbage-first heap   total 229376K, used 100869K [0x0000000721e00000, 0x0000000800000000)
  region size 1024K, 67 young (68608K), 3 survivors (3072K)
 Metaspace       used 48615K, capacity 49122K, committed 49360K, reserved 1093632K
  class space    used 5685K, capacity 5891K, committed 6016K, reserved 1048576K
}
Event: 10.541 GC heap after
{Heap after GC invocations=8 (full 0):
 garbage-first heap   total 229376K, used 42375K [0x0000000721e00000, 0x0000000800000000)
  region size 1024K, 9 young (9216K), 9 survivors (9216K)
 Metaspace       used 48615K, capacity 49122K, committed 49360K, reserved 1093632K
  class space    used 5685K, capacity 5891K, committed 6016K, reserved 1048576K
}
Event: 14.674 GC heap before
{Heap before GC invocations=8 (full 0):
 garbage-first heap   total 229376K, used 123271K [0x0000000721e00000, 0x0000000800000000)
  region size 1024K, 87 young (89088K), 9 survivors (9216K)
 Metaspace       used 57359K, capacity 58030K, committed 58064K, reserved 1099776K
  class space    used 6715K, capacity 7012K, committed 7040K, reserved 1048576K
}
Event: 14.697 GC heap after
{Heap after GC invocations=9 (full 0):
 garbage-first heap   total 229376K, used 53222K [0x0000000721e00000, 0x0000000800000000)
  region size 1024K, 11 young (11264K), 11 survivors (11264K)
 Metaspace       used 57359K, capacity 58030K, committed 58064K, reserved 1099776K
  class space    used 6715K, capacity 7012K, committed 7040K, reserved 1048576K
}
Event: 17.074 GC heap before
{Heap before GC invocations=9 (full 0):
 garbage-first heap   total 229376K, used 111590K [0x0000000721e00000, 0x0000000800000000)
  region size 1024K, 69 young (70656K), 11 survivors (11264K)
 Metaspace       used 59296K, capacity 59983K, committed 60240K, reserved 1101824K
  class space    used 6860K, capacity 7149K, committed 7168K, reserved 1048576K
}
Event: 17.103 GC heap after
{Heap after GC invocations=10 (full 0):
 garbage-first heap   total 275456K, used 63344K [0x0000000721e00000, 0x0000000800000000)
  region size 1024K, 11 young (11264K), 11 survivors (11264K)
 Metaspace       used 59296K, capacity 59983K, committed 60240K, reserved 1101824K
  class space    used 6860K, capacity 7149K, committed 7168K, reserved 1048576K
}
Event: 24.104 GC heap before
{Heap before GC invocations=11 (full 0):
 garbage-first heap   total 275456K, used 162672K [0x0000000721e00000, 0x0000000800000000)
  region size 1024K, 105 young (107520K), 11 survivors (11264K)
 Metaspace       used 65640K, capacity 66417K, committed 66640K, reserved 1107968K
  class space    used 7333K, capacity 7659K, committed 7680K, reserved 1048576K
}
Event: 24.126 GC heap after
{Heap after GC invocations=12 (full 0):
 garbage-first heap   total 275456K, used 76098K [0x0000000721e00000, 0x0000000800000000)
  region size 1024K, 11 young (11264K), 11 survivors (11264K)
 Metaspace       used 65640K, capacity 66417K, committed 66640K, reserved 1107968K
  class space    used 7333K, capacity 7659K, committed 7680K, reserved 1048576K
}

