# JRE version: Java(TM) SE Runtime Environment 18.9 (11.0.15+8) (build 11.0.15+8-LTS-149)
# Java VM: Java HotSpot(TM) 64-Bit Server VM 18.9 (11.0.15+8-LTS-149, mixed mode, tiered, compressed oops, g1 gc, windows-amd64)
Heap:
 garbage-first heap   total 275456K, used 33546K [0x0000000721e00000, 0x0000000800000000)
  region size 1024K, 3 young (3072K), 3 survivors (3072K)
 Metaspace       used 35460K, capacity 35793K, committed 35920K, reserved 1081344K
  class space    used 4154K, capacity 4318K, committed 4352K, reserved 1048576K
GC Heap History (9 events):
Event: 0.654 GC heap before
{Heap before GC invocations=0 (full 0):
 garbage-first heap   total 229376K, used 27648K [0x0000000721e00000, 0x0000000800000000)
  region size 1024K, 24 young (24576K), 0 survivors (0K)
 Metaspace       used 12079K, capacity 12148K, committed 12288K, reserved 1060864K
  class space    used 1138K, capacity 1174K, committed 1280K, reserved 1048576K
}
Event: 0.658 GC heap after
{Heap after GC invocations=1 (full 0):
 garbage-first heap   total 229376K, used 5780K [0x0000000721e00000, 0x0000000800000000)
  region size 1024K, 3 young (3072K), 3 survivors (3072K)
 Metaspace       used 12079K, capacity 12148K, committed 12288K, reserved 1060864K
  class space    used 1138K, capacity 1174K, committed 1280K, reserved 1048576K
}
Event: 1.431 GC heap before
{Heap before GC invocations=1 (full 0):
 garbage-first heap   total 229376K, used 42644K [0x0000000721e00000, 0x0000000800000000)
  region size 1024K, 40 young (40960K), 3 survivors (3072K)
 Metaspace       used 20940K, capacity 21130K, committed 21296K, reserved 1069056K
  class space    used 2233K, capacity 2318K, committed 2432K, reserved 1048576K
}
Event: 1.441 GC heap after
{Heap after GC invocations=2 (full 0):
 garbage-first heap   total 229376K, used 9532K [0x0000000721e00000, 0x0000000800000000)
  region size 1024K, 7 young (7168K), 7 survivors (7168K)
 Metaspace       used 20940K, capacity 21130K, committed 21296K, reserved 1069056K
  class space    used 2233K, capacity 2318K, committed 2432K, reserved 1048576K
}
Event: 2.752 GC heap before
{Heap before GC invocations=3 (full 0):
 garbage-first heap   total 229376K, used 70972K [0x0000000721e00000, 0x0000000800000000)
  region size 1024K, 56 young (57344K), 7 survivors (7168K)
 Metaspace       used 30850K, capacity 31239K, committed 31408K, reserved 1077248K
  class space    used 3662K, capacity 3826K, committed 3840K, reserved 1048576K
}
Event: 2.774 GC heap after
{Heap after GC invocations=4 (full 0):
 garbage-first heap   total 229376K, used 32224K [0x0000000721e00000, 0x0000000800000000)
  region size 1024K, 7 young (7168K), 7 survivors (7168K)
 Metaspace       used 30850K, capacity 31239K, committed 31408K, reserved 1077248K
  class space    used 3662K, capacity 3826K, committed 3840K, reserved 1048576K
}
Event: 3.262 GC heap before
{Heap before GC invocations=4 (full 0):
 garbage-first heap   total 229376K, used 44512K [0x0000000721e00000, 0x0000000800000000)
  region size 1024K, 19 young (19456K), 7 survivors (7168K)
 Metaspace       used 33469K, capacity 33842K, committed 34096K, reserved 1079296K
  class space    used 3951K, capacity 4118K, committed 4224K, reserved 1048576K
}
Event: 3.271 GC heap after
{Heap after GC invocations=5 (full 0):
 garbage-first heap   total 229376K, used 32488K [0x0000000721e00000, 0x0000000800000000)
  region size 1024K, 2 young (2048K), 2 survivors (2048K)
 Metaspace       used 33469K, capacity 33842K, committed 34096K, reserved 1079296K
  class space    used 3951K, capacity 4118K, committed 4224K, reserved 1048576K
}
Event: 3.649 GC heap before
{Heap before GC invocations=5 (full 0):
 garbage-first heap   total 229376K, used 42728K [0x0000000721e00000, 0x0000000800000000)
  region size 1024K, 13 young (13312K), 2 survivors (2048K)
 Metaspace       used 35460K, capacity 35793K, committed 35920K, reserved 1081344K
  class space    used 4154K, capacity 4318K, committed 4352K, reserved 1048576K
}

